==1== Memcheck, a memory error detector
==1== Copyright (C) 2002-2017, and GNU GPL'd, by Julian Seward et al.
==1== Using Valgrind-3.13.0 and LibVEX; rerun with -h for copyright info
==1== Command: volition -p 9090 -s true -k /var/lib/volition/keys/pkey0.priv.json -g /var/lib/volition/genesis.signed
==1== Parent PID: 0
==1== 
==1== 
==1== HEAP SUMMARY:
==1==     in use at exit: 14,176 bytes in 10 blocks
==1==   total heap usage: 52,424 allocs, 52,414 frees, 2,729,103 bytes allocated
==1== 
==1== 12 bytes in 1 blocks are definitely lost in loss record 2 of 10
==1==    at 0x4C2FB0F: malloc (in /usr/lib/valgrind/vgpreload_memcheck-amd64-linux.so)
==1==    by 0x6020328: CRYPTO_zalloc (in /usr/local/lib/libcrypto.so.1.1)
==1==    by 0x601BBAD: ossl_init_thread_start (in /usr/local/lib/libcrypto.so.1.1)
==1==    by 0x5FF42A2: ERR_get_state (in /usr/local/lib/libcrypto.so.1.1)
==1==    by 0x5FF4815: ERR_clear_error (in /usr/local/lib/libcrypto.so.1.1)
==1==    by 0x5FE76D7: ec_GFp_simple_set_compressed_coordinates (in /usr/local/lib/libcrypto.so.1.1)
==1==    by 0x5FE81DD: ec_GFp_simple_oct2point (in /usr/local/lib/libcrypto.so.1.1)
==1==    by 0x5FB87D7: EC_POINT_bn2point (in /usr/local/lib/libcrypto.so.1.1)
==1==    by 0x5FB89D6: EC_POINT_hex2point (in /usr/local/lib/libcrypto.so.1.1)
==1==    by 0x137800: Volition::CryptoKey::AbstractSerializable_serializeFrom(Volition::AbstractSerializerFrom const&) (in /usr/local/bin/volition)
==1==    by 0x1446B3: Volition::AbstractSerializable::serializeFrom(Volition::AbstractSerializerFrom const&) (in /usr/local/bin/volition)
==1==    by 0x145662: Volition::FromJSONSerializer::fromJSON(Volition::AbstractSerializable&, Poco::JSON::Object const&) (in /usr/local/bin/volition)
==1== 
==1== 584 bytes in 1 blocks are definitely lost in loss record 8 of 10
==1==    at 0x4C2FB0F: malloc (in /usr/lib/valgrind/vgpreload_memcheck-amd64-linux.so)
==1==    by 0x6020328: CRYPTO_zalloc (in /usr/local/lib/libcrypto.so.1.1)
==1==    by 0x5FF428C: ERR_get_state (in /usr/local/lib/libcrypto.so.1.1)
==1==    by 0x5FF4815: ERR_clear_error (in /usr/local/lib/libcrypto.so.1.1)
==1==    by 0x5FE76D7: ec_GFp_simple_set_compressed_coordinates (in /usr/local/lib/libcrypto.so.1.1)
==1==    by 0x5FE81DD: ec_GFp_simple_oct2point (in /usr/local/lib/libcrypto.so.1.1)
==1==    by 0x5FB87D7: EC_POINT_bn2point (in /usr/local/lib/libcrypto.so.1.1)
==1==    by 0x5FB89D6: EC_POINT_hex2point (in /usr/local/lib/libcrypto.so.1.1)
==1==    by 0x137800: Volition::CryptoKey::AbstractSerializable_serializeFrom(Volition::AbstractSerializerFrom const&) (in /usr/local/bin/volition)
==1==    by 0x1446B3: Volition::AbstractSerializable::serializeFrom(Volition::AbstractSerializerFrom const&) (in /usr/local/bin/volition)
==1==    by 0x145662: Volition::FromJSONSerializer::fromJSON(Volition::AbstractSerializable&, Poco::JSON::Object const&) (in /usr/local/bin/volition)
==1==    by 0x1450EE: Volition::FromJSONSerializer::AbstractSerializerFrom_serialize(Volition::SerializerPropertyName, Volition::AbstractSerializable&) const (in /usr/local/bin/volition)
==1== 
==1== 13,568 (360 direct, 13,208 indirect) bytes in 1 blocks are definitely lost in loss record 10 of 10
==1==    at 0x4C2FB0F: malloc (in /usr/lib/valgrind/vgpreload_memcheck-amd64-linux.so)
==1==    by 0x6020328: CRYPTO_zalloc (in /usr/local/lib/libcrypto.so.1.1)
==1==    by 0x604E548: RAND_DRBG_secure_new (in /usr/local/lib/libcrypto.so.1.1)
==1==    by 0x604EF00: RAND_DRBG_get0_private (in /usr/local/lib/libcrypto.so.1.1)
==1==    by 0x604FD74: RAND_priv_bytes (in /usr/local/lib/libcrypto.so.1.1)
==1==    by 0x5F6091C: bnrand.part.0 (in /usr/local/lib/libcrypto.so.1.1)
==1==    by 0x5F60B33: bnrand_range.part.1 (in /usr/local/lib/libcrypto.so.1.1)
==1==    by 0x5FE9BBA: ec_GFp_simple_blind_coordinates (in /usr/local/lib/libcrypto.so.1.1)
==1==    by 0x5FB5B99: ec_scalar_mul_ladder (in /usr/local/lib/libcrypto.so.1.1)
==1==    by 0x5FB64B9: ec_wNAF_mul (in /usr/local/lib/libcrypto.so.1.1)
==1==    by 0x5FB5515: EC_POINTs_mul (in /usr/local/lib/libcrypto.so.1.1)
==1==    by 0x5FB558F: EC_POINT_mul (in /usr/local/lib/libcrypto.so.1.1)
==1== 
==1== LEAK SUMMARY:
==1==    definitely lost: 956 bytes in 3 blocks
==1==    indirectly lost: 13,208 bytes in 6 blocks
==1==      possibly lost: 0 bytes in 0 blocks
==1==    still reachable: 12 bytes in 1 blocks
==1==         suppressed: 0 bytes in 0 blocks
==1== Reachable blocks (those to which a pointer was found) are not shown.
==1== To see them, rerun with: --leak-check=full --show-leak-kinds=all
==1== 
==1== For counts of detected and suppressed errors, rerun with: -v
==1== ERROR SUMMARY: 3 errors from 3 contexts (suppressed: 0 from 0)
